Build starting...
Start: Sat Oct 5 09:47:42 UTC 2019 3aaa8cfd6158
Git:
v1.0-0-gfa124a7
commit fa124a7ea33dfa6e94b1cf5f248cc5e982b47da0
Merge: f1d5f19 eb23077
Author: Prasanth Muralidharan 
Date:   Sat Oct 5 13:14:44 2019 +0530

    Merge branch 'master' of github.com:akhilniravath/LocApp

Found Android manifest
Android SDK version: 29. Build tools: 29.0.2
Picked up JAVA_TOOL_OPTIONS: -Dfile.encoding=UTF-8 -Dhttps.protocols=TLSv1.2
Warning: File /opt/android-sdk-linux/.android/repositories.cfg could not be loaded.

Installing Android platform 29
Picked up JAVA_TOOL_OPTIONS: -Dfile.encoding=UTF-8 -Dhttps.protocols=TLSv1.2
Warning: File /opt/android-sdk-linux/.android/repositories.cfg could not be loaded.
Installing Build-tools 29.0.2 
Picked up JAVA_TOOL_OPTIONS: -Dfile.encoding=UTF-8 -Dhttps.protocols=TLSv1.2
Warning: File /opt/android-sdk-linux/.android/repositories.cfg could not be loaded.
Found gradle
Gradle build script
Using gradle wrapper
Picked up JAVA_TOOL_OPTIONS: -Dfile.encoding=UTF-8 -Dhttps.protocols=TLSv1.2
Downloading https://services.gradle.org/distributions/gradle-5.4.1-all.zip
.
Unzipping /home/jitpack/.gradle/wrapper/dists/gradle-5.4.1-all/3221gyojl5jsh0helicew7rwx/gradle-5.4.1-all.zip to /home/jitpack/.gradle/wrapper/dists/gradle-5.4.1-all/3221gyojl5jsh0helicew7rwx
Set executable permissions for: /home/jitpack/.gradle/wrapper/dists/gradle-5.4.1-all/3221gyojl5jsh0helicew7rwx/gradle-5.4.1/bin/gradle

Welcome to Gradle 5.4.1!

Here are the highlights of this release:
 - Run builds with JDK12
 - New API for Incremental Tasks
 - Updates to native projects, including Swift 5 support

For more details see https://docs.gradle.org/5.4.1/release-notes.html


------------------------------------------------------------
Gradle 5.4.1
------------------------------------------------------------

Build time:   2019-04-26 08:14:42 UTC
Revision:     261d171646b36a6a28d5a19a69676cd098a4c19d

Kotlin:       1.3.21
Groovy:       2.5.4
Ant:          Apache Ant(TM) version 1.9.13 compiled on July 10 2018
JVM:          1.8.0_212 (Oracle Corporation 25.212-b03)
OS:           Linux 4.14.63-xxxx-std-ipv6-64 amd64

0m4.597s
Getting tasks: ./gradlew tasks --all
Picked up JAVA_TOOL_OPTIONS: -Dfile.encoding=UTF-8 -Dhttps.protocols=TLSv1.2
Tasks: 

WARNING:
Gradle 'install' task not found. Please add the 'maven' or 'android-maven' plugin.
See the documentation and examples: https://jitpack.io/docs/

Adding maven plugin
Found android library build file in wotcursdk
Running: ./gradlew clean -Pgroup=com.github.akhilniravath -Pversion=v1.0 install
Picked up JAVA_TOOL_OPTIONS: -Dfile.encoding=UTF-8 -Dhttps.protocols=TLSv1.2

> Configure project :
Gradle version Gradle 5.4.1

> Configure project :app
registerResGeneratingTask is deprecated, use registerGeneratedResFolders(FileCollection)
registerResGeneratingTask is deprecated, use registerGeneratedResFolders(FileCollection)

> Task :clean UP-TO-DATE
> Task :app:clean UP-TO-DATE
> Task :wotcursdk:clean UP-TO-DATE
> Task :wotcursdk:preBuild UP-TO-DATE
> Task :wotcursdk:preReleaseBuild UP-TO-DATE
> Task :wotcursdk:checkReleaseManifest
> Task :wotcursdk:generateReleaseBuildConfig
> Task :wotcursdk:generateReleaseResValues
> Task :wotcursdk:mergeReleaseShaders
> Task :wotcursdk:compileReleaseShaders
> Task :wotcursdk:generateReleaseAssets
> Task :wotcursdk:packageReleaseAssets
> Task :wotcursdk:packageReleaseRenderscript NO-SOURCE
> Task :wotcursdk:processReleaseJavaRes NO-SOURCE
> Task :wotcursdk:mergeReleaseJniLibFolders
> Task :wotcursdk:prepareLintJarForPublish
> Task :wotcursdk:processReleaseManifest
> Task :wotcursdk:mergeReleaseNativeLibs
> Task :wotcursdk:stripReleaseDebugSymbols
> Task :wotcursdk:transformNativeLibsWithSyncJniLibsForRelease
> Task :wotcursdk:compileReleaseAidl NO-SOURCE
> Task :wotcursdk:compileReleaseRenderscript NO-SOURCE
> Task :wotcursdk:generateReleaseResources
> Task :wotcursdk:packageReleaseResources
> Task :wotcursdk:javaPreCompileRelease
> Task :wotcursdk:parseReleaseLibraryResources
> Task :wotcursdk:generateReleaseRFile

> Task :wotcursdk:compileReleaseJavaWithJavac
Note: Some input files use or override a deprecated API.
Note: Recompile with -Xlint:deprecation for details.

> Task :wotcursdk:extractReleaseAnnotations
> Task :wotcursdk:mergeReleaseGeneratedProguardFiles
> Task :wotcursdk:mergeReleaseConsumerProguardFiles
> Task :wotcursdk:mergeReleaseJavaResource
> Task :wotcursdk:transformClassesAndResourcesWithSyncLibJarsForRelease
> Task :wotcursdk:bundleReleaseAar
> Task :wotcursdk:install

Deprecated Gradle features were used in this build, making it incompatible with Gradle 6.0.
Use '--warning-mode all' to show the individual deprecation warnings.
See https://docs.gradle.org/5.4.1/userguide/command_line_interface.html#sec:command_line_warnings

BUILD SUCCESSFUL in 9s
27 actionable tasks: 24 executed, 3 up-to-date
Build tool exit code: 0
Looking for artifacts...
Picked up JAVA_TOOL_OPTIONS: -Dfile.encoding=UTF-8 -Dhttps.protocols=TLSv1.2
Picked up JAVA_TOOL_OPTIONS: -Dfile.encoding=UTF-8 -Dhttps.protocols=TLSv1.2
Looking for pom.xml in build directory and ~/.m2
Found artifact: com.github.akhilniravath:wotcursdk:v1.0
2019-10-05T09:48:27.8018491Z
Exit code: 0

Build artifacts:
com.github.akhilniravath:LocApp:v1.0

Files: 
com/github/akhilniravath/LocApp/v1.0
com/github/akhilniravath/LocApp/v1.0/LocApp-v1.0-sources.jar
com/github/akhilniravath/LocApp/v1.0/LocApp-v1.0.aar
com/github/akhilniravath/LocApp/v1.0/LocApp-v1.0.pom
com/github/akhilniravath/LocApp/v1.0/LocApp-v1.0.pom.md5
com/github/akhilniravath/LocApp/v1.0/LocApp-v1.0.pom.sha1
com/github/akhilniravath/LocApp/v1.0/build.log


